[debug] [2024-01-20T20:06:19.589Z] ----------------------------------------------------------------------
[debug] [2024-01-20T20:06:19.591Z] Command:       C:\Program Files\nodejs\node.exe C:\Users\Acer\AppData\Roaming\npm\node_modules\firebase-tools\lib\bin\firebase.js init
[debug] [2024-01-20T20:06:19.591Z] CLI Version:   13.0.3
[debug] [2024-01-20T20:06:19.592Z] Platform:      win32
[debug] [2024-01-20T20:06:19.592Z] Node Version:  v20.11.0
[debug] [2024-01-20T20:06:19.592Z] Time:          Sun Jan 21 2024 04:06:19 GMT+0800 (Malaysia Time)
[debug] [2024-01-20T20:06:19.592Z] ----------------------------------------------------------------------
[debug] 
[debug] [2024-01-20T20:06:19.594Z] >>> [apiv2][query] GET https://firebase-public.firebaseio.com/cli.json [none]
[debug] [2024-01-20T20:06:19.634Z] > command requires scopes: ["email","openid","https://www.googleapis.com/auth/cloudplatformprojects.readonly","https://www.googleapis.com/auth/firebase","https://www.googleapis.com/auth/cloud-platform"]
[debug] [2024-01-20T20:06:19.634Z] > authorizing via signed-in user (tkianhon@gmail.com)
[info] 
     ######## #### ########  ######## ########     ###     ######  ########
     ##        ##  ##     ## ##       ##     ##  ##   ##  ##       ##
     ######    ##  ########  ######   ########  #########  ######  ######
     ##        ##  ##    ##  ##       ##     ## ##     ##       ## ##
     ##       #### ##     ## ######## ########  ##     ##  ######  ########

You're about to initialize a Firebase project in this directory:

  C:\Users\Acer\OneDrive - Universiti Sains Malaysia\Documents\USM\Y3\cat304_project

[debug] [2024-01-20T20:06:20.220Z] <<< [apiv2][status] GET https://firebase-public.firebaseio.com/cli.json 200
[debug] [2024-01-20T20:06:20.220Z] <<< [apiv2][body] GET https://firebase-public.firebaseio.com/cli.json {"cloudBuildErrorAfter":1594252800000,"cloudBuildWarnAfter":1590019200000,"defaultNode10After":1594252800000,"minVersion":"3.0.5","node8DeploysDisabledAfter":1613390400000,"node8RuntimeDisabledAfter":1615809600000,"node8WarnAfter":1600128000000}
